# JRE version: Java(TM) SE Runtime Environment (8.0_161-b12) (build 1.8.0_161-b12)
# Java VM: Java HotSpot(TM) 64-Bit Server VM (25.161-b12 mixed mode windows-amd64 compressed oops)
Heap:
 garbage-first heap   total 262144K, used 36864K [0x00000000c0000000, 0x00000000c0100800, 0x0000000100000000)
  region size 1024K, 5 young (5120K), 3 survivors (3072K)
 Metaspace       used 33990K, capacity 35898K, committed 36176K, reserved 1081344K
  class space    used 3752K, capacity 4380K, committed 4432K, reserved 1048576K
GC Heap History (10 events):
Event: 3.778 GC heap before
{Heap before GC invocations=1 (full 0):
 garbage-first heap   total 262144K, used 19877K [0x00000000c0000000, 0x00000000c0100800, 0x0000000100000000)
  region size 1024K, 18 young (18432K), 2 survivors (2048K)
 Metaspace       used 8326K, capacity 8470K, committed 8576K, reserved 1056768K
  class space    used 875K, capacity 888K, committed 896K, reserved 1048576K
Event: 3.796 GC heap after
Heap after GC invocations=2 (full 0):
 garbage-first heap   total 262144K, used 8784K [0x00000000c0000000, 0x00000000c0100800, 0x0000000100000000)
  region size 1024K, 3 young (3072K), 3 survivors (3072K)
 Metaspace       used 8326K, capacity 8470K, committed 8576K, reserved 1056768K
  class space    used 875K, capacity 888K, committed 896K, reserved 1048576K
}
Event: 7.003 GC heap before
{Heap before GC invocations=2 (full 0):
 garbage-first heap   total 262144K, used 45648K [0x00000000c0000000, 0x00000000c0100800, 0x0000000100000000)
  region size 1024K, 39 young (39936K), 3 survivors (3072K)
 Metaspace       used 15117K, capacity 15878K, committed 16256K, reserved 1062912K
  class space    used 1541K, capacity 1805K, committed 1920K, reserved 1048576K
Event: 7.025 GC heap after
Heap after GC invocations=3 (full 0):
 garbage-first heap   total 262144K, used 17408K [0x00000000c0000000, 0x00000000c0100800, 0x0000000100000000)
  region size 1024K, 5 young (5120K), 5 survivors (5120K)
 Metaspace       used 15117K, capacity 15878K, committed 16256K, reserved 1062912K
  class space    used 1541K, capacity 1805K, committed 1920K, reserved 1048576K
}
Event: 9.343 GC heap before
{Heap before GC invocations=3 (full 0):
 garbage-first heap   total 262144K, used 40960K [0x00000000c0000000, 0x00000000c0100800, 0x0000000100000000)
  region size 1024K, 29 young (29696K), 5 survivors (5120K)
 Metaspace       used 20157K, capacity 21114K, committed 21296K, reserved 1069056K
  class space    used 2036K, capacity 2383K, committed 2432K, reserved 1048576K
Event: 9.360 GC heap after
Heap after GC invocations=4 (full 0):
 garbage-first heap   total 262144K, used 24575K [0x00000000c0000000, 0x00000000c0100800, 0x0000000100000000)
  region size 1024K, 12 young (12288K), 12 survivors (12288K)
 Metaspace       used 20157K, capacity 21114K, committed 21296K, reserved 1069056K
  class space    used 2036K, capacity 2383K, committed 2432K, reserved 1048576K
}
Event: 12.501 GC heap before
{Heap before GC invocations=5 (full 0):
 garbage-first heap   total 262144K, used 140287K [0x00000000c0000000, 0x00000000c0100800, 0x0000000100000000)
  region size 1024K, 131 young (134144K), 12 survivors (12288K)
 Metaspace       used 33597K, capacity 35448K, committed 35584K, reserved 1081344K
  class space    used 3708K, capacity 4315K, committed 4352K, reserved 1048576K
Event: 12.527 GC heap after
Heap after GC invocations=6 (full 0):
 garbage-first heap   total 262144K, used 36307K [0x00000000c0000000, 0x00000000c0100800, 0x0000000100000000)
  region size 1024K, 17 young (17408K), 17 survivors (17408K)
 Metaspace       used 33597K, capacity 35448K, committed 35584K, reserved 1081344K
  class space    used 3708K, capacity 4315K, committed 4352K, reserved 1048576K
}
Event: 12.909 GC heap before
{Heap before GC invocations=6 (full 0):
 garbage-first heap   total 262144K, used 47571K [0x00000000c0000000, 0x00000000c0100800, 0x0000000100000000)
  region size 1024K, 29 young (29696K), 17 survivors (17408K)
 Metaspace       used 33975K, capacity 35834K, committed 35920K, reserved 1081344K
  class space    used 3751K, capacity 4380K, committed 4432K, reserved 1048576K
Event: 12.922 GC heap after
Heap after GC invocations=7 (full 0):
 garbage-first heap   total 262144K, used 35840K [0x00000000c0000000, 0x00000000c0100800, 0x0000000100000000)
  region size 1024K, 3 young (3072K), 3 survivors (3072K)
 Metaspace       used 33975K, capacity 35834K, committed 35920K, reserved 1081344K
  class space    used 3751K, capacity 4380K, committed 4432K, reserved 1048576K
}

